  main.cpp
D:\Universidad - Cris\Videojuegos\Universidad del Litoral\MAV2\Unidad 2\MAVII_Unidad_2_Ejercicio_6\MAVII_Unidad_2_Ejercicio_6\EsqueletoAPP\Box2dFirstApp\Src\main.cpp(27,79): warning C4244: 'argumento': conversión de 'T' a 'float'; posible pérdida de datos
D:\Universidad - Cris\Videojuegos\Universidad del Litoral\MAV2\Unidad 2\MAVII_Unidad_2_Ejercicio_6\MAVII_Unidad_2_Ejercicio_6\EsqueletoAPP\Box2dFirstApp\Src\main.cpp(27,79): warning C4244:         with
D:\Universidad - Cris\Videojuegos\Universidad del Litoral\MAV2\Unidad 2\MAVII_Unidad_2_Ejercicio_6\MAVII_Unidad_2_Ejercicio_6\EsqueletoAPP\Box2dFirstApp\Src\main.cpp(27,79): warning C4244:         [
D:\Universidad - Cris\Videojuegos\Universidad del Litoral\MAV2\Unidad 2\MAVII_Unidad_2_Ejercicio_6\MAVII_Unidad_2_Ejercicio_6\EsqueletoAPP\Box2dFirstApp\Src\main.cpp(27,79): warning C4244:             T=unsigned int
D:\Universidad - Cris\Videojuegos\Universidad del Litoral\MAV2\Unidad 2\MAVII_Unidad_2_Ejercicio_6\MAVII_Unidad_2_Ejercicio_6\EsqueletoAPP\Box2dFirstApp\Src\main.cpp(27,79): warning C4244:         ]
D:\Universidad - Cris\Videojuegos\Universidad del Litoral\MAV2\Unidad 2\MAVII_Unidad_2_Ejercicio_6\MAVII_Unidad_2_Ejercicio_6\EsqueletoAPP\Box2dFirstApp\Src\main.cpp(27,48): warning C4244: 'argumento': conversión de 'T' a 'float'; posible pérdida de datos
D:\Universidad - Cris\Videojuegos\Universidad del Litoral\MAV2\Unidad 2\MAVII_Unidad_2_Ejercicio_6\MAVII_Unidad_2_Ejercicio_6\EsqueletoAPP\Box2dFirstApp\Src\main.cpp(27,48): warning C4244:         with
D:\Universidad - Cris\Videojuegos\Universidad del Litoral\MAV2\Unidad 2\MAVII_Unidad_2_Ejercicio_6\MAVII_Unidad_2_Ejercicio_6\EsqueletoAPP\Box2dFirstApp\Src\main.cpp(27,48): warning C4244:         [
D:\Universidad - Cris\Videojuegos\Universidad del Litoral\MAV2\Unidad 2\MAVII_Unidad_2_Ejercicio_6\MAVII_Unidad_2_Ejercicio_6\EsqueletoAPP\Box2dFirstApp\Src\main.cpp(27,48): warning C4244:             T=unsigned int
D:\Universidad - Cris\Videojuegos\Universidad del Litoral\MAV2\Unidad 2\MAVII_Unidad_2_Ejercicio_6\MAVII_Unidad_2_Ejercicio_6\EsqueletoAPP\Box2dFirstApp\Src\main.cpp(27,48): warning C4244:         ]
D:\Universidad - Cris\Videojuegos\Universidad del Litoral\MAV2\Unidad 2\MAVII_Unidad_2_Ejercicio_6\MAVII_Unidad_2_Ejercicio_6\EsqueletoAPP\Box2dFirstApp\Src\main.cpp(29,74): warning C4305: 'argumento': truncamiento de 'double' a 'float'
D:\Universidad - Cris\Videojuegos\Universidad del Litoral\MAV2\Unidad 2\MAVII_Unidad_2_Ejercicio_6\MAVII_Unidad_2_Ejercicio_6\EsqueletoAPP\Box2dFirstApp\Src\main.cpp(29,69): warning C4305: 'argumento': truncamiento de 'double' a 'float'
D:\Universidad - Cris\Videojuegos\Universidad del Litoral\MAV2\Unidad 2\MAVII_Unidad_2_Ejercicio_6\MAVII_Unidad_2_Ejercicio_6\EsqueletoAPP\Box2dFirstApp\Src\main.cpp(29,64): warning C4305: 'argumento': truncamiento de 'double' a 'float'
D:\Universidad - Cris\Videojuegos\Universidad del Litoral\MAV2\Unidad 2\MAVII_Unidad_2_Ejercicio_6\MAVII_Unidad_2_Ejercicio_6\EsqueletoAPP\Box2dFirstApp\Src\main.cpp(53,77): warning C4244: 'argumento': conversión de 'T' a 'float'; posible pérdida de datos
D:\Universidad - Cris\Videojuegos\Universidad del Litoral\MAV2\Unidad 2\MAVII_Unidad_2_Ejercicio_6\MAVII_Unidad_2_Ejercicio_6\EsqueletoAPP\Box2dFirstApp\Src\main.cpp(53,77): warning C4244:         with
D:\Universidad - Cris\Videojuegos\Universidad del Litoral\MAV2\Unidad 2\MAVII_Unidad_2_Ejercicio_6\MAVII_Unidad_2_Ejercicio_6\EsqueletoAPP\Box2dFirstApp\Src\main.cpp(53,77): warning C4244:         [
D:\Universidad - Cris\Videojuegos\Universidad del Litoral\MAV2\Unidad 2\MAVII_Unidad_2_Ejercicio_6\MAVII_Unidad_2_Ejercicio_6\EsqueletoAPP\Box2dFirstApp\Src\main.cpp(53,77): warning C4244:             T=unsigned int
D:\Universidad - Cris\Videojuegos\Universidad del Litoral\MAV2\Unidad 2\MAVII_Unidad_2_Ejercicio_6\MAVII_Unidad_2_Ejercicio_6\EsqueletoAPP\Box2dFirstApp\Src\main.cpp(53,77): warning C4244:         ]
D:\Universidad - Cris\Videojuegos\Universidad del Litoral\MAV2\Unidad 2\MAVII_Unidad_2_Ejercicio_6\MAVII_Unidad_2_Ejercicio_6\EsqueletoAPP\Box2dFirstApp\Src\main.cpp(53,47): warning C4244: 'argumento': conversión de 'T' a 'float'; posible pérdida de datos
D:\Universidad - Cris\Videojuegos\Universidad del Litoral\MAV2\Unidad 2\MAVII_Unidad_2_Ejercicio_6\MAVII_Unidad_2_Ejercicio_6\EsqueletoAPP\Box2dFirstApp\Src\main.cpp(53,47): warning C4244:         with
D:\Universidad - Cris\Videojuegos\Universidad del Litoral\MAV2\Unidad 2\MAVII_Unidad_2_Ejercicio_6\MAVII_Unidad_2_Ejercicio_6\EsqueletoAPP\Box2dFirstApp\Src\main.cpp(53,47): warning C4244:         [
D:\Universidad - Cris\Videojuegos\Universidad del Litoral\MAV2\Unidad 2\MAVII_Unidad_2_Ejercicio_6\MAVII_Unidad_2_Ejercicio_6\EsqueletoAPP\Box2dFirstApp\Src\main.cpp(53,47): warning C4244:             T=unsigned int
D:\Universidad - Cris\Videojuegos\Universidad del Litoral\MAV2\Unidad 2\MAVII_Unidad_2_Ejercicio_6\MAVII_Unidad_2_Ejercicio_6\EsqueletoAPP\Box2dFirstApp\Src\main.cpp(53,47): warning C4244:         ]
D:\Universidad - Cris\Videojuegos\Universidad del Litoral\MAV2\Unidad 2\MAVII_Unidad_2_Ejercicio_6\MAVII_Unidad_2_Ejercicio_6\EsqueletoAPP\Box2dFirstApp\Src\main.cpp(67,30): warning C4244: 'argumento': conversión de 'float' a 'unsigned int'; posible pérdida de datos
D:\Universidad - Cris\Videojuegos\Universidad del Litoral\MAV2\Unidad 2\MAVII_Unidad_2_Ejercicio_6\MAVII_Unidad_2_Ejercicio_6\EsqueletoAPP\Box2dFirstApp\Src\main.cpp(84,47): warning C4305: 'argumento': truncamiento de 'double' a 'float'
  Box2dEmptyApp.vcxproj -> D:\Universidad - Cris\Videojuegos\Universidad del Litoral\MAV2\Unidad 2\MAVII_Unidad_2_Ejercicio_6\MAVII_Unidad_2_Ejercicio_6\EsqueletoAPP\Box2dFirstApp\Bin\Debug\Box2dEmptyApp.exe
